# JRE version: Java(TM) SE Runtime Environment (8.0_45-b15) (build 1.8.0_45-b15)
# Java VM: Java HotSpot(TM) 64-Bit Server VM (25.45-b02 mixed mode windows-amd64 compressed oops)
Heap:
 PSYoungGen      total 215552K, used 123267K [0x00000000eab00000, 0x00000000fa480000, 0x0000000100000000)
  eden space 190464K, 51% used [0x00000000eab00000,0x00000000f0ae6238,0x00000000f6500000)
  from space 25088K, 99% used [0x00000000f8200000,0x00000000f9a7aba0,0x00000000f9a80000)
  to   space 29696K, 0% used [0x00000000f6500000,0x00000000f6500000,0x00000000f8200000)
 ParOldGen       total 118784K, used 92271K [0x00000000c0000000, 0x00000000c7400000, 0x00000000eab00000)
  object space 118784K, 77% used [0x00000000c0000000,0x00000000c5a1bff0,0x00000000c7400000)
 Metaspace       used 77328K, capacity 81318K, committed 81536K, reserved 1118208K
  class space    used 10754K, capacity 12347K, committed 12416K, reserved 1048576K
GC Heap History (10 events):
Event: 104.558 GC heap before
{Heap before GC invocations=22 (full 4):
 PSYoungGen      total 137728K, used 121344K [0x00000000eab00000, 0x00000000f6180000, 0x0000000100000000)
  eden space 121344K, 100% used [0x00000000eab00000,0x00000000f2180000,0x00000000f2180000)
  from space 16384K, 0% used [0x00000000f2180000,0x00000000f2180000,0x00000000f3180000)
  to   space 17408K, 0% used [0x00000000f5080000,0x00000000f5080000,0x00000000f6180000)
 ParOldGen       total 118784K, used 63016K [0x00000000c0000000, 0x00000000c7400000, 0x00000000eab00000)
  object space 118784K, 53% used [0x00000000c0000000,0x00000000c3d8a308,0x00000000c7400000)
 Metaspace       used 57739K, capacity 60124K, committed 60416K, reserved 1101824K
  class space    used 7954K, capacity 8899K, committed 8960K, reserved 1048576K
Event: 104.572 GC heap after
Heap after GC invocations=22 (full 4):
 PSYoungGen      total 150016K, used 3176K [0x00000000eab00000, 0x00000000f5780000, 0x0000000100000000)
  eden space 142848K, 0% used [0x00000000eab00000,0x00000000eab00000,0x00000000f3680000)
  from space 7168K, 44% used [0x00000000f5080000,0x00000000f539a158,0x00000000f5780000)
  to   space 16896K, 0% used [0x00000000f3680000,0x00000000f3680000,0x00000000f4700000)
 ParOldGen       total 118784K, used 63024K [0x00000000c0000000, 0x00000000c7400000, 0x00000000eab00000)
  object space 118784K, 53% used [0x00000000c0000000,0x00000000c3d8c308,0x00000000c7400000)
 Metaspace       used 57739K, capacity 60124K, committed 60416K, reserved 1101824K
  class space    used 7954K, capacity 8899K, committed 8960K, reserved 1048576K
}
Event: 106.838 GC heap before
{Heap before GC invocations=23 (full 4):
 PSYoungGen      total 150016K, used 146024K [0x00000000eab00000, 0x00000000f5780000, 0x0000000100000000)
  eden space 142848K, 100% used [0x00000000eab00000,0x00000000f3680000,0x00000000f3680000)
  from space 7168K, 44% used [0x00000000f5080000,0x00000000f539a158,0x00000000f5780000)
  to   space 16896K, 0% used [0x00000000f3680000,0x00000000f3680000,0x00000000f4700000)
 ParOldGen       total 118784K, used 63024K [0x00000000c0000000, 0x00000000c7400000, 0x00000000eab00000)
  object space 118784K, 53% used [0x00000000c0000000,0x00000000c3d8c308,0x00000000c7400000)
 Metaspace       used 64650K, capacity 67570K, committed 67712K, reserved 1107968K
  class space    used 8933K, capacity 10074K, committed 10112K, reserved 1048576K
Event: 106.908 GC heap after
Heap after GC invocations=23 (full 4):
 PSYoungGen      total 159744K, used 16888K [0x00000000eab00000, 0x00000000f7b80000, 0x0000000100000000)
  eden space 142848K, 0% used [0x00000000eab00000,0x00000000eab00000,0x00000000f3680000)
  from space 16896K, 99% used [0x00000000f3680000,0x00000000f46fe370,0x00000000f4700000)
  to   space 20992K, 0% used [0x00000000f6700000,0x00000000f6700000,0x00000000f7b80000)
 ParOldGen       total 118784K, used 66104K [0x00000000c0000000, 0x00000000c7400000, 0x00000000eab00000)
  object space 118784K, 55% used [0x00000000c0000000,0x00000000c408e3d0,0x00000000c7400000)
 Metaspace       used 64650K, capacity 67570K, committed 67712K, reserved 1107968K
  class space    used 8933K, capacity 10074K, committed 10112K, reserved 1048576K
}
Event: 111.112 GC heap before
{Heap before GC invocations=24 (full 4):
 PSYoungGen      total 159744K, used 159736K [0x00000000eab00000, 0x00000000f7b80000, 0x0000000100000000)
  eden space 142848K, 100% used [0x00000000eab00000,0x00000000f3680000,0x00000000f3680000)
  from space 16896K, 99% used [0x00000000f3680000,0x00000000f46fe370,0x00000000f4700000)
  to   space 20992K, 0% used [0x00000000f6700000,0x00000000f6700000,0x00000000f7b80000)
 ParOldGen       total 118784K, used 66104K [0x00000000c0000000, 0x00000000c7400000, 0x00000000eab00000)
  object space 118784K, 55% used [0x00000000c0000000,0x00000000c408e3d0,0x00000000c7400000)
 Metaspace       used 66501K, capacity 69466K, committed 69504K, reserved 1107968K
  class space    used 9185K, capacity 10353K, committed 10368K, reserved 1048576K
Event: 111.185 GC heap after
Heap after GC invocations=24 (full 4):
 PSYoungGen      total 186880K, used 20960K [0x00000000eab00000, 0x00000000f8680000, 0x0000000100000000)
  eden space 165888K, 0% used [0x00000000eab00000,0x00000000eab00000,0x00000000f4d00000)
  from space 20992K, 99% used [0x00000000f6700000,0x00000000f7b780a0,0x00000000f7b80000)
  to   space 26624K, 0% used [0x00000000f4d00000,0x00000000f4d00000,0x00000000f6700000)
 ParOldGen       total 118784K, used 72300K [0x00000000c0000000, 0x00000000c7400000, 0x00000000eab00000)
  object space 118784K, 60% used [0x00000000c0000000,0x00000000c469b0c0,0x00000000c7400000)
 Metaspace       used 66501K, capacity 69466K, committed 69504K, reserved 1107968K
  class space    used 9185K, capacity 10353K, committed 10368K, reserved 1048576K
}
Event: 151.523 GC heap before
{Heap before GC invocations=25 (full 4):
 PSYoungGen      total 186880K, used 186848K [0x00000000eab00000, 0x00000000f8680000, 0x0000000100000000)
  eden space 165888K, 100% used [0x00000000eab00000,0x00000000f4d00000,0x00000000f4d00000)
  from space 20992K, 99% used [0x00000000f6700000,0x00000000f7b780a0,0x00000000f7b80000)
  to   space 26624K, 0% used [0x00000000f4d00000,0x00000000f4d00000,0x00000000f6700000)
 ParOldGen       total 118784K, used 72300K [0x00000000c0000000, 0x00000000c7400000, 0x00000000eab00000)
  object space 118784K, 60% used [0x00000000c0000000,0x00000000c469b0c0,0x00000000c7400000)
 Metaspace       used 70661K, capacity 74230K, committed 74496K, reserved 1112064K
  class space    used 9744K, capacity 11174K, committed 11264K, reserved 1048576K
Event: 151.635 GC heap after
Heap after GC invocations=25 (full 4):
 PSYoungGen      total 192512K, used 11434K [0x00000000eab00000, 0x00000000f9a80000, 0x0000000100000000)
  eden space 165888K, 0% used [0x00000000eab00000,0x00000000eab00000,0x00000000f4d00000)
  from space 26624K, 42% used [0x00000000f4d00000,0x00000000f582a820,0x00000000f6700000)
  to   space 25088K, 0% used [0x00000000f8200000,0x00000000f8200000,0x00000000f9a80000)
 ParOldGen       total 118784K, used 90572K [0x00000000c0000000, 0x00000000c7400000, 0x00000000eab00000)
  object space 118784K, 76% used [0x00000000c0000000,0x00000000c5873040,0x00000000c7400000)
 Metaspace       used 70661K, capacity 74230K, committed 74496K, reserved 1112064K
  class space    used 9744K, capacity 11174K, committed 11264K, reserved 1048576K
}
Event: 155.180 GC heap before
{Heap before GC invocations=26 (full 4):
 PSYoungGen      total 192512K, used 177322K [0x00000000eab00000, 0x00000000f9a80000, 0x0000000100000000)
  eden space 165888K, 100% used [0x00000000eab00000,0x00000000f4d00000,0x00000000f4d00000)
  from space 26624K, 42% used [0x00000000f4d00000,0x00000000f582a820,0x00000000f6700000)
  to   space 25088K, 0% used [0x00000000f8200000,0x00000000f8200000,0x00000000f9a80000)
 ParOldGen       total 118784K, used 90572K [0x00000000c0000000, 0x00000000c7400000, 0x00000000eab00000)
  object space 118784K, 76% used [0x00000000c0000000,0x00000000c5873040,0x00000000c7400000)
 Metaspace       used 76087K, capacity 79790K, committed 80000K, reserved 1118208K
  class space    used 10567K, capacity 12047K, committed 12160K, reserved 1048576K
Event: 155.247 GC heap after
Heap after GC invocations=26 (full 4):
 PSYoungGen      total 215552K, used 25066K [0x00000000eab00000, 0x00000000fa480000, 0x0000000100000000)
  eden space 190464K, 0% used [0x00000000eab00000,0x00000000eab00000,0x00000000f6500000)
  from space 25088K, 99% used [0x00000000f8200000,0x00000000f9a7aba0,0x00000000f9a80000)
  to   space 29696K, 0% used [0x00000000f6500000,0x00000000f6500000,0x00000000f8200000)
 ParOldGen       total 118784K, used 92271K [0x00000000c0000000, 0x00000000c7400000, 0x00000000eab00000)
  object space 118784K, 77% used [0x00000000c0000000,0x00000000c5a1bff0,0x00000000c7400000)
 Metaspace       used 76087K, capacity 79790K, committed 80000K, reserved 1118208K
  class space    used 10567K, capacity 12047K, committed 12160K, reserved 1048576K
}

