# JRE version: Java(TM) SE Runtime Environment (8.0_45-b15) (build 1.8.0_45-b15)
# Java VM: Java HotSpot(TM) 64-Bit Server VM (25.45-b02 mixed mode windows-amd64 compressed oops)
Heap:
 PSYoungGen      total 60928K, used 54497K [0x00000000eab00000, 0x00000000ef580000, 0x0000000100000000)
  eden space 56832K, 88% used [0x00000000eab00000,0x00000000edc3f920,0x00000000ee280000)
  from space 4096K, 99% used [0x00000000ef180000,0x00000000ef578b90,0x00000000ef580000)
  to   space 6656K, 0% used [0x00000000ee880000,0x00000000ee880000,0x00000000eef00000)
 ParOldGen       total 34816K, used 9886K [0x00000000c0000000, 0x00000000c2200000, 0x00000000eab00000)
  object space 34816K, 28% used [0x00000000c0000000,0x00000000c09a7948,0x00000000c2200000)
 Metaspace       used 25589K, capacity 26192K, committed 26496K, reserved 1073152K
  class space    used 3414K, capacity 3632K, committed 3712K, reserved 1048576K
GC Heap History (10 events):
Event: 4.663 GC heap before
{Heap before GC invocations=5 (full 0):
 PSYoungGen      total 18944K, used 18912K [0x00000000eab00000, 0x00000000ec000000, 0x0000000100000000)
  eden space 16384K, 100% used [0x00000000eab00000,0x00000000ebb00000,0x00000000ebb00000)
  from space 2560K, 98% used [0x00000000ebd80000,0x00000000ebff8020,0x00000000ec000000)
  to   space 2560K, 0% used [0x00000000ebb00000,0x00000000ebb00000,0x00000000ebd80000)
 ParOldGen       total 44032K, used 6119K [0x00000000c0000000, 0x00000000c2b00000, 0x00000000eab00000)
  object space 44032K, 13% used [0x00000000c0000000,0x00000000c05f9f68,0x00000000c2b00000)
 Metaspace       used 16993K, capacity 17426K, committed 17664K, reserved 1064960K
  class space    used 2303K, capacity 2445K, committed 2560K, reserved 1048576K
Event: 4.692 GC heap after
Heap after GC invocations=5 (full 0):
 PSYoungGen      total 18944K, used 2544K [0x00000000eab00000, 0x00000000ed800000, 0x0000000100000000)
  eden space 16384K, 0% used [0x00000000eab00000,0x00000000eab00000,0x00000000ebb00000)
  from space 2560K, 99% used [0x00000000ebb00000,0x00000000ebd7c010,0x00000000ebd80000)
  to   space 6656K, 0% used [0x00000000ed180000,0x00000000ed180000,0x00000000ed800000)
 ParOldGen       total 44032K, used 8805K [0x00000000c0000000, 0x00000000c2b00000, 0x00000000eab00000)
  object space 44032K, 19% used [0x00000000c0000000,0x00000000c0899628,0x00000000c2b00000)
 Metaspace       used 16993K, capacity 17426K, committed 17664K, reserved 1064960K
  class space    used 2303K, capacity 2445K, committed 2560K, reserved 1048576K
}
Event: 5.008 GC heap before
{Heap before GC invocations=6 (full 0):
 PSYoungGen      total 18944K, used 18928K [0x00000000eab00000, 0x00000000ed800000, 0x0000000100000000)
  eden space 16384K, 100% used [0x00000000eab00000,0x00000000ebb00000,0x00000000ebb00000)
  from space 2560K, 99% used [0x00000000ebb00000,0x00000000ebd7c010,0x00000000ebd80000)
  to   space 6656K, 0% used [0x00000000ed180000,0x00000000ed180000,0x00000000ed800000)
 ParOldGen       total 44032K, used 8805K [0x00000000c0000000, 0x00000000c2b00000, 0x00000000eab00000)
  object space 44032K, 19% used [0x00000000c0000000,0x00000000c0899628,0x00000000c2b00000)
 Metaspace       used 18570K, capacity 18864K, committed 19072K, reserved 1064960K
  class space    used 2545K, capacity 2642K, committed 2688K, reserved 1048576K
Event: 5.023 GC heap after
Heap after GC invocations=6 (full 0):
 PSYoungGen      total 38400K, used 4476K [0x00000000eab00000, 0x00000000ed700000, 0x0000000100000000)
  eden space 32768K, 0% used [0x00000000eab00000,0x00000000eab00000,0x00000000ecb00000)
  from space 5632K, 79% used [0x00000000ed180000,0x00000000ed5df258,0x00000000ed700000)
  to   space 6144K, 0% used [0x00000000ecb00000,0x00000000ecb00000,0x00000000ed100000)
 ParOldGen       total 44032K, used 8805K [0x00000000c0000000, 0x00000000c2b00000, 0x00000000eab00000)
  object space 44032K, 19% used [0x00000000c0000000,0x00000000c0899628,0x00000000c2b00000)
 Metaspace       used 18570K, capacity 18864K, committed 19072K, reserved 1064960K
  class space    used 2545K, capacity 2642K, committed 2688K, reserved 1048576K
}
Event: 5.675 GC heap before
{Heap before GC invocations=7 (full 0):
 PSYoungGen      total 38400K, used 25276K [0x00000000eab00000, 0x00000000ed700000, 0x0000000100000000)
  eden space 32768K, 63% used [0x00000000eab00000,0x00000000ebf4ff40,0x00000000ecb00000)
  from space 5632K, 79% used [0x00000000ed180000,0x00000000ed5df258,0x00000000ed700000)
  to   space 6144K, 0% used [0x00000000ecb00000,0x00000000ecb00000,0x00000000ed100000)
 ParOldGen       total 44032K, used 8805K [0x00000000c0000000, 0x00000000c2b00000, 0x00000000eab00000)
  object space 44032K, 19% used [0x00000000c0000000,0x00000000c0899628,0x00000000c2b00000)
 Metaspace       used 20650K, capacity 21120K, committed 21296K, reserved 1067008K
  class space    used 2751K, capacity 2936K, committed 2944K, reserved 1048576K
Event: 5.702 GC heap after
Heap after GC invocations=7 (full 0):
 PSYoungGen      total 38912K, used 5335K [0x00000000eab00000, 0x00000000ef800000, 0x0000000100000000)
  eden space 32768K, 0% used [0x00000000eab00000,0x00000000eab00000,0x00000000ecb00000)
  from space 6144K, 86% used [0x00000000ecb00000,0x00000000ed035ea8,0x00000000ed100000)
  to   space 6656K, 0% used [0x00000000ef180000,0x00000000ef180000,0x00000000ef800000)
 ParOldGen       total 44032K, used 9661K [0x00000000c0000000, 0x00000000c2b00000, 0x00000000eab00000)
  object space 44032K, 21% used [0x00000000c0000000,0x00000000c096f688,0x00000000c2b00000)
 Metaspace       used 20650K, capacity 21120K, committed 21296K, reserved 1067008K
  class space    used 2751K, capacity 2936K, committed 2944K, reserved 1048576K
}
Event: 5.702 GC heap before
{Heap before GC invocations=8 (full 1):
 PSYoungGen      total 38912K, used 5335K [0x00000000eab00000, 0x00000000ef800000, 0x0000000100000000)
  eden space 32768K, 0% used [0x00000000eab00000,0x00000000eab00000,0x00000000ecb00000)
  from space 6144K, 86% used [0x00000000ecb00000,0x00000000ed035ea8,0x00000000ed100000)
  to   space 6656K, 0% used [0x00000000ef180000,0x00000000ef180000,0x00000000ef800000)
 ParOldGen       total 44032K, used 9661K [0x00000000c0000000, 0x00000000c2b00000, 0x00000000eab00000)
  object space 44032K, 21% used [0x00000000c0000000,0x00000000c096f688,0x00000000c2b00000)
 Metaspace       used 20650K, capacity 21120K, committed 21296K, reserved 1067008K
  class space    used 2751K, capacity 2936K, committed 2944K, reserved 1048576K
Event: 5.774 GC heap after
Heap after GC invocations=8 (full 1):
 PSYoungGen      total 38912K, used 0K [0x00000000eab00000, 0x00000000ef800000, 0x0000000100000000)
  eden space 32768K, 0% used [0x00000000eab00000,0x00000000eab00000,0x00000000ecb00000)
  from space 6144K, 0% used [0x00000000ecb00000,0x00000000ecb00000,0x00000000ed100000)
  to   space 6656K, 0% used [0x00000000ef180000,0x00000000ef180000,0x00000000ef800000)
 ParOldGen       total 34816K, used 9878K [0x00000000c0000000, 0x00000000c2200000, 0x00000000eab00000)
  object space 34816K, 28% used [0x00000000c0000000,0x00000000c09a5948,0x00000000c2200000)
 Metaspace       used 20650K, capacity 21120K, committed 21296K, reserved 1067008K
  class space    used 2751K, capacity 2936K, committed 2944K, reserved 1048576K
}
Event: 6.384 GC heap before
{Heap before GC invocations=9 (full 1):
 PSYoungGen      total 38912K, used 32768K [0x00000000eab00000, 0x00000000ef800000, 0x0000000100000000)
  eden space 32768K, 100% used [0x00000000eab00000,0x00000000ecb00000,0x00000000ecb00000)
  from space 6144K, 0% used [0x00000000ecb00000,0x00000000ecb00000,0x00000000ed100000)
  to   space 6656K, 0% used [0x00000000ef180000,0x00000000ef180000,0x00000000ef800000)
 ParOldGen       total 34816K, used 9878K [0x00000000c0000000, 0x00000000c2200000, 0x00000000eab00000)
  object space 34816K, 28% used [0x00000000c0000000,0x00000000c09a5948,0x00000000c2200000)
 Metaspace       used 22293K, capacity 22872K, committed 23040K, reserved 1069056K
  class space    used 3020K, capacity 3212K, committed 3328K, reserved 1048576K
Event: 6.420 GC heap after
Heap after GC invocations=9 (full 1):
 PSYoungGen      total 60928K, used 4066K [0x00000000eab00000, 0x00000000ef580000, 0x0000000100000000)
  eden space 56832K, 0% used [0x00000000eab00000,0x00000000eab00000,0x00000000ee280000)
  from space 4096K, 99% used [0x00000000ef180000,0x00000000ef578b90,0x00000000ef580000)
  to   space 6656K, 0% used [0x00000000ee880000,0x00000000ee880000,0x00000000eef00000)
 ParOldGen       total 34816K, used 9886K [0x00000000c0000000, 0x00000000c2200000, 0x00000000eab00000)
  object space 34816K, 28% used [0x00000000c0000000,0x00000000c09a7948,0x00000000c2200000)
 Metaspace       used 22293K, capacity 22872K, committed 23040K, reserved 1069056K
  class space    used 3020K, capacity 3212K, committed 3328K, reserved 1048576K
}

